#
# A fatal error has been detected by the Java Runtime Environment:
#
#  SIGSEGV (0xb) at pc=0x00007f08b79afdc9, pid=26269, tid=139675009230592
#
# JRE version: OpenJDK Runtime Environment (7.0_45-b31) (build 1.7.0_45-b31)
# Java VM: OpenJDK 64-Bit Server VM (24.45-b08 mixed mode linux-amd64 compressed oops)
# Problematic frame:
# V  [libjvm.so+0x5d4dc9]  AsyncGetCallTrace+0xdce89
#
# Failed to write core dump. Core dumps have been disabled. To enable core dumping, try "ulimit -c unlimited" before starting Java again
#
# If you would like to submit a bug report, please include
# instructions on how to reproduce the bug and visit:
#   http://icedtea.classpath.org/bugzilla
#

---------------  T H R E A D  ---------------

Current thread (0x00007f08b00ac800):  JavaThread "JDWP Transport Listener: dt_socket" daemon [_thread_in_vm, id=26286, stack(0x00007f089f3f2000,0x00007f089f4f3000)]

siginfo:si_signo=SIGSEGV: si_errno=0, si_code=1 (SEGV_MAPERR), si_addr=0x000000000000000c

Registers:
RAX=0x0000000000000001, RBX=0x00007f08b00ac800, RCX=0x000000000000000c, RDX=0x0000000000000000
RSP=0x00007f089f4f1a80, RBP=0x00007f089f4f1a80, RSI=0x000000000000000c, RDI=0x00000007ad2e0ae0
R8 =0x0000000000000000, R9 =0x0000000000000000, R10=0x000000000000000a, R11=0x0000000000000206
R12=0x00007f08b007b0c8, R13=0x00000007ad2e0ae0, R14=0x00007f089f4f1bc0, R15=0x0000000000000000
RIP=0x00007f08b79afdc9, EFLAGS=0x0000000000010246, CSGSFS=0x0000000000000033, ERR=0x0000000000000004
  TRAPNO=0x000000000000000e

Top of Stack: (sp=0x00007f089f4f1a80)
0x00007f089f4f1a80:   00007f089f4f1af0 00007f08b79be562
0x00007f089f4f1a90:   00007f08b00ac9d8 00007f08b657aae0
0x00007f089f4f1aa0:   00007f08b00ac800 0000000000000000
0x00007f089f4f1ab0:   00007f08b00ac9d8 00007f08b007b0c8
0x00007f089f4f1ac0:   00007f089f4f1b90 00007f08b00ac9d8
0x00007f089f4f1ad0:   00007f08b657aae0 00007f08b007b0c8
0x00007f089f4f1ae0:   00007f089f4f1bc0 00007f08b657aae0
0x00007f089f4f1af0:   00007f089f4f1b30 00007f08b6348f42
0x00007f089f4f1b00:   00007f089f4f1b90 0000000000010a00
0x00007f089f4f1b10:   00007f089f4f1b90 000000000000000a
0x00007f089f4f1b20:   00007f089f4f1bc0 00007f08b657aae0
0x00007f089f4f1b30:   00007f089f4f1d80 00007f08b63514c0
0x00007f089f4f1b40:   000005c000000013 00007f08b7010a00
0x00007f089f4f1b50:   00007f0874000f80 00007f08b657aae0
0x00007f089f4f1b60:   00007f089f4f1b90 00007f0874000801
0x00007f089f4f1b70:   000005c000000013 00007f08b7010a00
0x00007f089f4f1b80:   00007f0874000f80 00007f08b00a3958
0x00007f089f4f1b90:   00007f0874000f88 000000000000000b
0x00007f089f4f1ba0:   000005c000000013 00007f08b7010a00
0x00007f089f4f1bb0:   00007f0874000f80 00007f087c006090
0x00007f089f4f1bc0:   00007f089f4f1c10 000000000000012c
0x00007f089f4f1bd0:   00007f089f4f1bd8 00007f0800000000
0x00007f089f4f1be0:   00007f089f4f1c10 0000000000000000
0x00007f089f4f1bf0:   00007f0000000000 000005c000000018
0x00007f089f4f1c00:   00007f0800001c80 00007f089f4f1c10
0x00007f089f4f1c10:   0000005b01000000 0000003100000000
0x00007f089f4f1c20:   7369687404000000 76616a4c12000000
0x00007f089f4f1c30:   532f676e616c2f61 00003b676e697274
0x00007f089f4f1c40:   0000140000000000 0000000000000000
0x00007f089f4f1c50:   6176050000000000 5b0200000065756c
0x00007f089f4f1c60:   0000000000000043 0080520100000014
0x00007f089f4f1c70:   0004000000000000 0103003600000000 

Instructions: (pc=0x00007f08b79afdc9)
0x00007f08b79afda9:   1d 7b 00 89 ca 8b 4e 08 48 d3 e2 48 03 16 b9 0c
0x00007f08b79afdb9:   00 00 00 eb 0b 66 90 48 8b 14 37 b9 10 00 00 00
0x00007f08b79afdc9:   8b 34 0a e9 7c ff ff ff 90 66 66 66 66 66 2e 0f
0x00007f08b79afdd9:   1f 84 00 00 00 00 00 48 8b 05 19 02 7b 00 55 48 

Register to memory mapping:

RAX=0x0000000000000001 is an unknown value
RBX=0x00007f08b00ac800 is a thread
RCX=0x000000000000000c is an unknown value
RDX=0x0000000000000000 is an unknown value
RSP=0x00007f089f4f1a80 is pointing into the stack for thread: 0x00007f08b00ac800
RBP=0x00007f089f4f1a80 is pointing into the stack for thread: 0x00007f08b00ac800
RSI=0x000000000000000c is an unknown value
RDI=0x00000007ad2e0ae0 is an oop
java.lang.String 
 - klass: 'java/lang/String'
R8 =0x0000000000000000 is an unknown value
R9 =0x0000000000000000 is an unknown value
R10=0x000000000000000a is an unknown value
R11=0x0000000000000206 is an unknown value
R12=0x00007f08b007b0c8 is a global jni handle
R13=0x00000007ad2e0ae0 is an oop
java.lang.String 
 - klass: 'java/lang/String'
R14=0x00007f089f4f1bc0 is pointing into the stack for thread: 0x00007f08b00ac800
R15=0x0000000000000000 is an unknown value


Stack: [0x00007f089f3f2000,0x00007f089f4f3000],  sp=0x00007f089f4f1a80,  free space=1022k
Native frames: (J=compiled Java code, j=interpreted, Vv=VM code, C=native code)
V  [libjvm.so+0x5d4dc9]  AsyncGetCallTrace+0xdce89
V  [libjvm.so+0x5e3562]  AsyncGetCallTrace+0xeb622
C  [libjdwp.so+0x8f42]  getenv+0x8f42
C  [libjdwp.so+0x114c0]  Agent_OnLoad+0x1ad0
C  [libjdwp.so+0x234b5]  Agent_OnLoad+0x13ac5
V  [libjvm.so+0x69348b]  JVM_FindSignal+0x7311b
V  [libjvm.so+0x8e1a40]  JVM_handle_linux_signal+0x12f270
V  [libjvm.so+0x8e1cb1]  JVM_handle_linux_signal+0x12f4e1
V  [libjvm.so+0x7a9912]  JVM_FindSignal+0x1895a2


---------------  P R O C E S S  ---------------

Java Threads: ( => current thread )
  0x00007f08b00b7800 JavaThread "Service Thread" daemon [_thread_blocked, id=26294, stack(0x00007f089eeed000,0x00007f089efee000)]
  0x00007f08b00b5000 JavaThread "C2 CompilerThread1" daemon [_thread_blocked, id=26293, stack(0x00007f089efee000,0x00007f089f0ef000)]
  0x00007f08b00b2000 JavaThread "C2 CompilerThread0" daemon [_thread_blocked, id=26292, stack(0x00007f089f0ef000,0x00007f089f1f0000)]
  0x00007f087c001000 JavaThread "JDWP Command Reader" daemon [_thread_in_native, id=26288, stack(0x00007f089f1f0000,0x00007f089f2f1000)]
  0x00007f08b00b0000 JavaThread "JDWP Event Helper Thread" daemon [_thread_blocked, id=26287, stack(0x00007f089f2f1000,0x00007f089f3f2000)]
=>0x00007f08b00ac800 JavaThread "JDWP Transport Listener: dt_socket" daemon [_thread_in_vm, id=26286, stack(0x00007f089f3f2000,0x00007f089f4f3000)]
  0x00007f08b009f800 JavaThread "Signal Dispatcher" daemon [_thread_blocked, id=26284, stack(0x00007f089f6f7000,0x00007f089f7f8000)]
  0x00007f08b007d800 JavaThread "Finalizer" daemon [_thread_blocked, id=26283, stack(0x00007f089f7f8000,0x00007f089f8f9000)]
  0x00007f08b007b800 JavaThread "Reference Handler" daemon [_thread_blocked, id=26282, stack(0x00007f089f8f9000,0x00007f089f9fa000)]
  0x00007f08b000c000 JavaThread "main" [_thread_blocked, id=26275, stack(0x00007f08b8e91000,0x00007f08b8f92000)]

Other Threads:
  0x00007f08b0077000 VMThread [stack: 0x00007f089f9fa000,0x00007f089fafb000] [id=26281]
  0x00007f08b00c2000 WatcherThread [stack: 0x00007f089edec000,0x00007f089eeed000] [id=26295]

VM state:not at safepoint (normal execution)

VM Mutex/Monitor currently owned by a thread: None

Heap
 PSYoungGen      total 74752K, used 2580K [0x00000007ad280000, 0x00000007b2580000, 0x0000000800000000)
  eden space 64512K, 4% used [0x00000007ad280000,0x00000007ad505268,0x00000007b1180000)
  from space 10240K, 0% used [0x00000007b1b80000,0x00000007b1b80000,0x00000007b2580000)
  to   space 10240K, 0% used [0x00000007b1180000,0x00000007b1180000,0x00000007b1b80000)
 ParOldGen       total 169472K, used 0K [0x0000000707800000, 0x0000000711d80000, 0x00000007ad280000)
  object space 169472K, 0% used [0x0000000707800000,0x0000000707800000,0x0000000711d80000)
 PSPermGen       total 21504K, used 2811K [0x00000006fd200000, 0x00000006fe700000, 0x0000000707800000)
  object space 21504K, 13% used [0x00000006fd200000,0x00000006fd4beeb8,0x00000006fe700000)

Card table byte_map: [0x00007f08b502e000,0x00007f08b5846000] byte_map_base: 0x00007f08b1845000

Polling page: 0x00007f08b8fc3000

Code Cache  [0x00007f08ad000000, 0x00007f08ad270000, 0x00007f08b0000000)
 total_blobs=159 nmethods=0 adapters=136 free_code_cache=48775Kb largest_free_block=49946176

Compilation events (0 events):
No events

GC Heap History (0 events):
No events

Deoptimization events (0 events):
No events

Internal exceptions (7 events):
Event: 0,029 Thread 0x00007f08b000c000 Threw 0x00000007ad290268 at /build/java7-openjdk/src/icedtea-2.4.3/openjdk/hotspot/src/share/vm/prims/jni.cpp:3991
Event: 0,164 Thread 0x00007f08b000c000 Threw 0x00000007ad2cc818 at /build/java7-openjdk/src/icedtea-2.4.3/openjdk/hotspot/src/share/vm/prims/jvm.cpp:1244
Event: 0,168 Thread 0x00007f08b000c000 Threw 0x00000007ad2d3f20 at /build/java7-openjdk/src/icedtea-2.4.3/openjdk/hotspot/src/share/vm/prims/jvm.cpp:1244
Event: 0,168 Thread 0x00007f08b000c000 Threw 0x00000007ad2d64c8 at /build/java7-openjdk/src/icedtea-2.4.3/openjdk/hotspot/src/share/vm/prims/jvm.cpp:1244
Event: 0,168 Thread 0x00007f08b000c000 Threw 0x00000007ad2d8fc0 at /build/java7-openjdk/src/icedtea-2.4.3/openjdk/hotspot/src/share/vm/prims/jvm.cpp:1244
Event: 0,169 Thread 0x00007f08b000c000 Threw 0x00000007ad2dbd28 at /build/java7-openjdk/src/icedtea-2.4.3/openjdk/hotspot/src/share/vm/prims/jvm.cpp:1244
Event: 0,170 Thread 0x00007f08b000c000 Threw 0x00000007ad2e08c8 at /build/java7-openjdk/src/icedtea-2.4.3/openjdk/hotspot/src/share/vm/interpreter/linkResolver.cpp:883

Events (10 events):
Event: 649,495 Executing VM operation: ChangeSingleStep
Event: 649,495 Executing VM operation: ChangeSingleStep done
Event: 649,496 Executing VM operation: ChangeSingleStep
Event: 649,496 Executing VM operation: ChangeSingleStep done
Event: 649,501 Executing VM operation: GetOrSetLocal
Event: 649,501 Executing VM operation: GetOrSetLocal done
Event: 649,522 Executing VM operation: GetOrSetLocal
Event: 649,522 Executing VM operation: GetOrSetLocal done
Event: 649,523 Executing VM operation: GetOrSetLocal
Event: 649,523 Executing VM operation: GetOrSetLocal done


Dynamic libraries:
00400000-00401000 r-xp 00000000 08:02 798188                             /usr/lib/jvm/java-7-openjdk/jre/bin/java
00600000-00601000 rw-p 00000000 08:02 798188                             /usr/lib/jvm/java-7-openjdk/jre/bin/java
02510000-02531000 rw-p 00000000 00:00 0                                  [heap]
6fd200000-6fe700000 rw-p 00000000 00:00 0 
6fe700000-707800000 rw-p 00000000 00:00 0 
707800000-711d80000 rw-p 00000000 00:00 0 
711d80000-7ad280000 rw-p 00000000 00:00 0 
7ad280000-7b2580000 rw-p 00000000 00:00 0 
7b2580000-800000000 rw-p 00000000 00:00 0 
7f0860000000-7f0860021000 rw-p 00000000 00:00 0 
7f0860021000-7f0864000000 ---p 00000000 00:00 0 
7f0864000000-7f0864021000 rw-p 00000000 00:00 0 
7f0864021000-7f0868000000 ---p 00000000 00:00 0 
7f0868000000-7f0868021000 rw-p 00000000 00:00 0 
7f0868021000-7f086c000000 ---p 00000000 00:00 0 
7f086c000000-7f086c021000 rw-p 00000000 00:00 0 
7f086c021000-7f0870000000 ---p 00000000 00:00 0 
7f0870000000-7f0870021000 rw-p 00000000 00:00 0 
7f0870021000-7f0874000000 ---p 00000000 00:00 0 
7f0874000000-7f0874021000 rw-p 00000000 00:00 0 
7f0874021000-7f0878000000 ---p 00000000 00:00 0 
7f0878000000-7f0878021000 rw-p 00000000 00:00 0 
7f0878021000-7f087c000000 ---p 00000000 00:00 0 
7f087c000000-7f087c021000 rw-p 00000000 00:00 0 
7f087c021000-7f0880000000 ---p 00000000 00:00 0 
7f0880000000-7f0880021000 rw-p 00000000 00:00 0 
7f0880021000-7f0884000000 ---p 00000000 00:00 0 
7f0884000000-7f0884021000 rw-p 00000000 00:00 0 
7f0884021000-7f0888000000 ---p 00000000 00:00 0 
7f0888000000-7f0888021000 rw-p 00000000 00:00 0 
7f0888021000-7f088c000000 ---p 00000000 00:00 0 
7f088fe90000-7f0898000000 rw-p 00000000 00:00 0 
7f0898000000-7f0898021000 rw-p 00000000 00:00 0 
7f0898021000-7f089c000000 ---p 00000000 00:00 0 
7f089edec000-7f089eded000 ---p 00000000 00:00 0 
7f089eded000-7f089eeed000 rw-p 00000000 00:00 0                          [stack:26295]
7f089eeed000-7f089eef0000 ---p 00000000 00:00 0 
7f089eef0000-7f089efee000 rw-p 00000000 00:00 0                          [stack:26294]
7f089efee000-7f089eff1000 ---p 00000000 00:00 0 
7f089eff1000-7f089f0ef000 rw-p 00000000 00:00 0                          [stack:26293]
7f089f0ef000-7f089f0f2000 ---p 00000000 00:00 0 
7f089f0f2000-7f089f1f0000 rw-p 00000000 00:00 0                          [stack:26292]
7f089f1f0000-7f089f1f3000 ---p 00000000 00:00 0 
7f089f1f3000-7f089f2f1000 rw-p 00000000 00:00 0                          [stack:26288]
7f089f2f1000-7f089f2f4000 ---p 00000000 00:00 0 
7f089f2f4000-7f089f3f2000 rw-p 00000000 00:00 0                          [stack:26287]
7f089f3f2000-7f089f3f5000 ---p 00000000 00:00 0 
7f089f3f5000-7f089f4f3000 rw-p 00000000 00:00 0                          [stack:26286]
7f089f4f3000-7f089f4f7000 r-xp 00000000 08:02 793524                     /usr/lib/jvm/java-7-openjdk/jre/lib/amd64/libdt_socket.so
7f089f4f7000-7f089f6f6000 ---p 00004000 08:02 793524                     /usr/lib/jvm/java-7-openjdk/jre/lib/amd64/libdt_socket.so
7f089f6f6000-7f089f6f7000 rw-p 00003000 08:02 793524                     /usr/lib/jvm/java-7-openjdk/jre/lib/amd64/libdt_socket.so
7f089f6f7000-7f089f6fa000 ---p 00000000 00:00 0 
7f089f6fa000-7f089f7f8000 rw-p 00000000 00:00 0                          [stack:26284]
7f089f7f8000-7f089f7fb000 ---p 00000000 00:00 0 
7f089f7fb000-7f089f8f9000 rw-p 00000000 00:00 0                          [stack:26283]
7f089f8f9000-7f089f8fc000 ---p 00000000 00:00 0 
7f089f8fc000-7f089f9fa000 rw-p 00000000 00:00 0                          [stack:26282]
7f089f9fa000-7f089f9fb000 ---p 00000000 00:00 0 
7f089f9fb000-7f08a0000000 rw-p 00000000 00:00 0                          [stack:26281]
7f08a0000000-7f08a0021000 rw-p 00000000 00:00 0 
7f08a0021000-7f08a4000000 ---p 00000000 00:00 0 
7f08a4000000-7f08a4021000 rw-p 00000000 00:00 0 
7f08a4021000-7f08a8000000 ---p 00000000 00:00 0 
7f08a8000000-7f08a8021000 rw-p 00000000 00:00 0 
7f08a8021000-7f08ac000000 ---p 00000000 00:00 0 
7f08ac0c1000-7f08ad000000 rw-p 00000000 00:00 0 
7f08ad000000-7f08ad270000 rwxp 00000000 00:00 0 
7f08ad270000-7f08b00f4000 rw-p 00000000 00:00 0 
7f08b00f4000-7f08b4000000 ---p 00000000 00:00 0 
7f08b4003000-7f08b43b1000 rw-p 00000000 00:00 0 
7f08b43b1000-7f08b455f000 r--s 01ced000 08:02 786462                     /usr/lib/jvm/java-7-openjdk/jre/lib/rt.jar
7f08b455f000-7f08b46a9000 rw-p 00000000 00:00 0 
7f08b46a9000-7f08b46aa000 ---p 00000000 00:00 0 
7f08b46aa000-7f08b47aa000 rw-p 00000000 00:00 0                          [stack:26280]
7f08b47aa000-7f08b47ab000 ---p 00000000 00:00 0 
7f08b47ab000-7f08b48ab000 rw-p 00000000 00:00 0                          [stack:26279]
7f08b48ab000-7f08b48ac000 ---p 00000000 00:00 0 
7f08b48ac000-7f08b49ac000 rw-p 00000000 00:00 0                          [stack:26278]
7f08b49ac000-7f08b49ad000 ---p 00000000 00:00 0 
7f08b49ad000-7f08b4ab8000 rw-p 00000000 00:00 0                          [stack:26277]
7f08b4ab8000-7f08b4b00000 rw-p 00000000 00:00 0 
7f08b4b00000-7f08b4b53000 rw-p 00000000 00:00 0 
7f08b4b53000-7f08b502e000 rw-p 00000000 00:00 0 
7f08b502e000-7f08b5039000 rw-p 00000000 00:00 0 
7f08b5039000-7f08b5081000 rw-p 00000000 00:00 0 
7f08b5081000-7f08b50d4000 rw-p 00000000 00:00 0 
7f08b50d4000-7f08b55ae000 rw-p 00000000 00:00 0 
7f08b55ae000-7f08b55d8000 rw-p 00000000 00:00 0 
7f08b55d8000-7f08b5845000 rw-p 00000000 00:00 0 
7f08b5845000-7f08b5846000 rw-p 00000000 00:00 0 
7f08b5846000-7f08b584e000 r-xp 00000000 08:02 791411                     /usr/lib/jvm/java-7-openjdk/jre/lib/amd64/libzip.so
7f08b584e000-7f08b5a4d000 ---p 00008000 08:02 791411                     /usr/lib/jvm/java-7-openjdk/jre/lib/amd64/libzip.so
7f08b5a4d000-7f08b5a4e000 rw-p 00007000 08:02 791411                     /usr/lib/jvm/java-7-openjdk/jre/lib/amd64/libzip.so
7f08b5a4e000-7f08b5a59000 r-xp 00000000 08:02 533871                     /usr/lib/libnss_files-2.18.so
7f08b5a59000-7f08b5c59000 ---p 0000b000 08:02 533871                     /usr/lib/libnss_files-2.18.so
7f08b5c59000-7f08b5c5a000 r--p 0000b000 08:02 533871                     /usr/lib/libnss_files-2.18.so
7f08b5c5a000-7f08b5c5b000 rw-p 0000c000 08:02 533871                     /usr/lib/libnss_files-2.18.so
7f08b5c5b000-7f08b613d000 r--p 00000000 08:02 581002                     /usr/lib/locale/locale-archive
7f08b613d000-7f08b6140000 r-xp 00000000 08:02 792538                     /usr/lib/jvm/java-7-openjdk/jre/lib/amd64/libnpt.so
7f08b6140000-7f08b633f000 ---p 00003000 08:02 792538                     /usr/lib/jvm/java-7-openjdk/jre/lib/amd64/libnpt.so
7f08b633f000-7f08b6340000 rw-p 00002000 08:02 792538                     /usr/lib/jvm/java-7-openjdk/jre/lib/amd64/libnpt.so
7f08b6340000-7f08b637a000 r-xp 00000000 08:02 793511                     /usr/lib/jvm/java-7-openjdk/jre/lib/amd64/libjdwp.so
7f08b637a000-7f08b6579000 ---p 0003a000 08:02 793511                     /usr/lib/jvm/java-7-openjdk/jre/lib/amd64/libjdwp.so
7f08b6579000-7f08b657b000 rw-p 00039000 08:02 793511                     /usr/lib/jvm/java-7-openjdk/jre/lib/amd64/libjdwp.so
7f08b657b000-7f08b65a6000 r-xp 00000000 08:02 791410                     /usr/lib/jvm/java-7-openjdk/jre/lib/amd64/libjava.so
7f08b65a6000-7f08b67a6000 ---p 0002b000 08:02 791410                     /usr/lib/jvm/java-7-openjdk/jre/lib/amd64/libjava.so
7f08b67a6000-7f08b67a8000 rw-p 0002b000 08:02 791410                     /usr/lib/jvm/java-7-openjdk/jre/lib/amd64/libjava.so
7f08b67a8000-7f08b67b5000 r-xp 00000000 08:02 789070                     /usr/lib/jvm/java-7-openjdk/jre/lib/amd64/libverify.so
7f08b67b5000-7f08b69b4000 ---p 0000d000 08:02 789070                     /usr/lib/jvm/java-7-openjdk/jre/lib/amd64/libverify.so
7f08b69b4000-7f08b69b6000 rw-p 0000c000 08:02 789070                     /usr/lib/jvm/java-7-openjdk/jre/lib/amd64/libverify.so
7f08b69b6000-7f08b69bd000 r-xp 00000000 08:02 580396                     /usr/lib/librt-2.18.so
7f08b69bd000-7f08b6bbc000 ---p 00007000 08:02 580396                     /usr/lib/librt-2.18.so
7f08b6bbc000-7f08b6bbd000 r--p 00006000 08:02 580396                     /usr/lib/librt-2.18.so
7f08b6bbd000-7f08b6bbe000 rw-p 00007000 08:02 580396                     /usr/lib/librt-2.18.so
7f08b6bbe000-7f08b6bd3000 r-xp 00000000 08:02 533943                     /usr/lib/libgcc_s.so.1
7f08b6bd3000-7f08b6dd3000 ---p 00015000 08:02 533943                     /usr/lib/libgcc_s.so.1
7f08b6dd3000-7f08b6dd4000 rw-p 00015000 08:02 533943                     /usr/lib/libgcc_s.so.1
7f08b6dd4000-7f08b6ed6000 r-xp 00000000 08:02 533923                     /usr/lib/libm-2.18.so
7f08b6ed6000-7f08b70d5000 ---p 00102000 08:02 533923                     /usr/lib/libm-2.18.so
7f08b70d5000-7f08b70d6000 r--p 00101000 08:02 533923                     /usr/lib/libm-2.18.so
7f08b70d6000-7f08b70d7000 rw-p 00102000 08:02 533923                     /usr/lib/libm-2.18.so
7f08b70d7000-7f08b71bd000 r-xp 00000000 08:02 533937                     /usr/lib/libstdc++.so.6.0.18
7f08b71bd000-7f08b73bc000 ---p 000e6000 08:02 533937                     /usr/lib/libstdc++.so.6.0.18
7f08b73bc000-7f08b73c4000 r--p 000e5000 08:02 533937                     /usr/lib/libstdc++.so.6.0.18
7f08b73c4000-7f08b73c6000 rw-p 000ed000 08:02 533937                     /usr/lib/libstdc++.so.6.0.18
7f08b73c6000-7f08b73db000 rw-p 00000000 00:00 0 
7f08b73db000-7f08b7ece000 r-xp 00000000 08:02 798187                     /usr/lib/jvm/java-7-openjdk/jre/lib/amd64/server/libjvm.so
7f08b7ece000-7f08b80ce000 ---p 00af3000 08:02 798187                     /usr/lib/jvm/java-7-openjdk/jre/lib/amd64/server/libjvm.so
7f08b80ce000-7f08b8189000 rw-p 00af3000 08:02 798187                     /usr/lib/jvm/java-7-openjdk/jre/lib/amd64/server/libjvm.so
7f08b8189000-7f08b81b6000 rw-p 00000000 00:00 0 
7f08b81b6000-7f08b81cb000 r-xp 00000000 08:02 530612                     /usr/lib/libz.so.1.2.8
7f08b81cb000-7f08b83ca000 ---p 00015000 08:02 530612                     /usr/lib/libz.so.1.2.8
7f08b83ca000-7f08b83cb000 r--p 00014000 08:02 530612                     /usr/lib/libz.so.1.2.8
7f08b83cb000-7f08b83cc000 rw-p 00015000 08:02 530612                     /usr/lib/libz.so.1.2.8
7f08b83cc000-7f08b856d000 r-xp 00000000 08:02 533924                     /usr/lib/libc-2.18.so
7f08b856d000-7f08b876d000 ---p 001a1000 08:02 533924                     /usr/lib/libc-2.18.so
7f08b876d000-7f08b8771000 r--p 001a1000 08:02 533924                     /usr/lib/libc-2.18.so
7f08b8771000-7f08b8773000 rw-p 001a5000 08:02 533924                     /usr/lib/libc-2.18.so
7f08b8773000-7f08b8777000 rw-p 00000000 00:00 0 
7f08b8777000-7f08b877a000 r-xp 00000000 08:02 580397                     /usr/lib/libdl-2.18.so
7f08b877a000-7f08b8979000 ---p 00003000 08:02 580397                     /usr/lib/libdl-2.18.so
7f08b8979000-7f08b897a000 r--p 00002000 08:02 580397                     /usr/lib/libdl-2.18.so
7f08b897a000-7f08b897b000 rw-p 00003000 08:02 580397                     /usr/lib/libdl-2.18.so
7f08b897b000-7f08b8988000 r-xp 00000000 08:02 795505                     /usr/lib/jvm/java-7-openjdk/jre/lib/amd64/jli/libjli.so
7f08b8988000-7f08b8b87000 ---p 0000d000 08:02 795505                     /usr/lib/jvm/java-7-openjdk/jre/lib/amd64/jli/libjli.so
7f08b8b87000-7f08b8b88000 rw-p 0000c000 08:02 795505                     /usr/lib/jvm/java-7-openjdk/jre/lib/amd64/jli/libjli.so
7f08b8b88000-7f08b8ba0000 r-xp 00000000 08:02 533877                     /usr/lib/libpthread-2.18.so
7f08b8ba0000-7f08b8da0000 ---p 00018000 08:02 533877                     /usr/lib/libpthread-2.18.so
7f08b8da0000-7f08b8da1000 r--p 00018000 08:02 533877                     /usr/lib/libpthread-2.18.so
7f08b8da1000-7f08b8da2000 rw-p 00019000 08:02 533877                     /usr/lib/libpthread-2.18.so
7f08b8da2000-7f08b8da6000 rw-p 00000000 00:00 0 
7f08b8da6000-7f08b8dc6000 r-xp 00000000 08:02 533901                     /usr/lib/ld-2.18.so
7f08b8dcf000-7f08b8ddb000 rw-p 00000000 00:00 0 
7f08b8ddb000-7f08b8e91000 rw-p 00000000 00:00 0 
7f08b8e91000-7f08b8e94000 ---p 00000000 00:00 0 
7f08b8e94000-7f08b8f96000 rw-p 00000000 00:00 0                          [stack:26275]
7f08b8f96000-7f08b8f99000 r--s 0000f000 08:02 789066                     /usr/lib/jvm/java-7-openjdk/jre/lib/ext/pulse-java.jar
7f08b8f99000-7f08b8fba000 rw-p 00000000 00:00 0 
7f08b8fba000-7f08b8fc2000 rw-s 00000000 00:1e 120143                     /tmp/hsperfdata_mox/26269
7f08b8fc2000-7f08b8fc3000 rw-p 00000000 00:00 0 
7f08b8fc3000-7f08b8fc4000 r--p 00000000 00:00 0 
7f08b8fc4000-7f08b8fc5000 rw-p 00000000 00:00 0 
7f08b8fc5000-7f08b8fc6000 r--p 0001f000 08:02 533901                     /usr/lib/ld-2.18.so
7f08b8fc6000-7f08b8fc7000 rw-p 00020000 08:02 533901                     /usr/lib/ld-2.18.so
7f08b8fc7000-7f08b8fc8000 rw-p 00000000 00:00 0 
7fffb7229000-7fffb724a000 rw-p 00000000 00:00 0                          [stack]
7fffb72f4000-7fffb72f6000 r-xp 00000000 00:00 0                          [vdso]
ffffffffff600000-ffffffffff601000 r-xp 00000000 00:00 0                  [vsyscall]

VM Arguments:
jvm_args: -agentlib:jdwp=transport=dt_socket,suspend=y,address=localhost:38197 -Dfile.encoding=UTF-8 
java_command: movies.plain.MovieManager
Launcher Type: SUN_STANDARD

Environment Variables:
JAVA_HOME=/usr/lib/jvm/java-7-openjdk
PATH=/usr/local/sbin:/usr/local/bin:/usr/bin:/usr/lib/colorgcc/bin:/usr/local/texlive/2012/bin/x86_64-linux:/opt/android-sdk/tools:/opt/android-sdk/platform-tools:/opt/android-sdk/tools:/usr/bin/vendor_perl:/usr/bin/core_perl
SHELL=/bin/zsh
DISPLAY=:0

Signal Handlers:
SIGSEGV: [libjvm.so+0x92a940], sa_mask[0]=0x7ffbfeff, sa_flags=0x10000004
SIGBUS: [libjvm.so+0x92a940], sa_mask[0]=0x7ffbfeff, sa_flags=0x10000004
SIGFPE: [libjvm.so+0x7a82f0], sa_mask[0]=0x7ffbfeff, sa_flags=0x10000004
SIGPIPE: [libjvm.so+0x7a82f0], sa_mask[0]=0x7ffbfeff, sa_flags=0x10000004
SIGXFSZ: [libjvm.so+0x7a82f0], sa_mask[0]=0x7ffbfeff, sa_flags=0x10000004
SIGILL: [libjvm.so+0x7a82f0], sa_mask[0]=0x7ffbfeff, sa_flags=0x10000004
SIGUSR1: SIG_DFL, sa_mask[0]=0x00000000, sa_flags=0x00000000
SIGUSR2: [libjvm.so+0x7a8190], sa_mask[0]=0x00000004, sa_flags=0x10000004
SIGHUP: [libjvm.so+0x7a8370], sa_mask[0]=0x7ffbfeff, sa_flags=0x10000004
SIGINT: SIG_IGN, sa_mask[0]=0x00000000, sa_flags=0x00000000
SIGTERM: [libjvm.so+0x7a8370], sa_mask[0]=0x7ffbfeff, sa_flags=0x10000004
SIGQUIT: [libjvm.so+0x7a8370], sa_mask[0]=0x7ffbfeff, sa_flags=0x10000004


---------------  S Y S T E M  ---------------

OS:Linux
uname:Linux 3.11.6-1-ARCH #1 SMP PREEMPT Fri Oct 18 23:22:36 CEST 2013 x86_64
libc:glibc 2.18 NPTL 2.18 
rlimit: STACK 8192k, CORE 0k, NPROC 126650, NOFILE 4096, AS infinity
load average:0,17 0,19 0,20

/proc/meminfo:
MemTotal:       16280960 kB
MemFree:         4638276 kB
Buffers:          225536 kB
Cached:          3550116 kB
SwapCached:            0 kB
Active:          9189640 kB
Inactive:        2113752 kB
Active(anon):    7599288 kB
Inactive(anon):  1439044 kB
Active(file):    1590352 kB
Inactive(file):   674708 kB
Unevictable:         132 kB
Mlocked:             132 kB
SwapTotal:             0 kB
SwapFree:              0 kB
Dirty:                80 kB
Writeback:             0 kB
AnonPages:       7527904 kB
Mapped:           230868 kB
Shmem:           1510600 kB
Slab:             175060 kB
SReclaimable:     145144 kB
SUnreclaim:        29916 kB
KernelStack:        3144 kB
PageTables:        32424 kB
NFS_Unstable:          0 kB
Bounce:                0 kB
WritebackTmp:          0 kB
CommitLimit:     8140480 kB
Committed_AS:   11395552 kB
VmallocTotal:   34359738367 kB
VmallocUsed:      377492 kB
VmallocChunk:   34359345660 kB
HardwareCorrupted:     0 kB
AnonHugePages:   6451200 kB
HugePages_Total:       0
HugePages_Free:        0
HugePages_Rsvd:        0
HugePages_Surp:        0
Hugepagesize:       2048 kB
DirectMap4k:       20812 kB
DirectMap2M:    16633856 kB


CPU:total 4 (2 cores per cpu, 2 threads per core) family 6 model 58 stepping 9, cmov, cx8, fxsr, mmx, sse, sse2, sse3, ssse3, sse4.1, sse4.2, popcnt, avx, aes, erms, ht, tsc, tscinvbit, tscinv

/proc/cpuinfo:
processor	: 0
vendor_id	: GenuineIntel
cpu family	: 6
model		: 58
model name	: Intel(R) Core(TM) i5-3320M CPU @ 2.60GHz
stepping	: 9
microcode	: 0x12
cpu MHz		: 2730.000
cache size	: 3072 KB
physical id	: 0
siblings	: 4
core id		: 0
cpu cores	: 2
apicid		: 0
initial apicid	: 0
fpu		: yes
fpu_exception	: yes
cpuid level	: 13
wp		: yes
flags		: fpu vme de pse tsc msr pae mce cx8 apic sep mtrr pge mca cmov pat pse36 clflush dts acpi mmx fxsr sse sse2 ss ht tm pbe syscall nx rdtscp lm constant_tsc arch_perfmon pebs bts rep_good nopl xtopology nonstop_tsc aperfmperf eagerfpu pni pclmulqdq dtes64 monitor ds_cpl vmx smx est tm2 ssse3 cx16 xtpr pdcm pcid sse4_1 sse4_2 x2apic popcnt tsc_deadline_timer aes xsave avx f16c rdrand lahf_lm ida arat epb xsaveopt pln pts dtherm tpr_shadow vnmi flexpriority ept vpid fsgsbase smep erms
bogomips	: 5190.52
clflush size	: 64
cache_alignment	: 64
address sizes	: 36 bits physical, 48 bits virtual
power management:

processor	: 1
vendor_id	: GenuineIntel
cpu family	: 6
model		: 58
model name	: Intel(R) Core(TM) i5-3320M CPU @ 2.60GHz
stepping	: 9
microcode	: 0x12
cpu MHz		: 2444.000
cache size	: 3072 KB
physical id	: 0
siblings	: 4
core id		: 0
cpu cores	: 2
apicid		: 1
initial apicid	: 1
fpu		: yes
fpu_exception	: yes
cpuid level	: 13
wp		: yes
flags		: fpu vme de pse tsc msr pae mce cx8 apic sep mtrr pge mca cmov pat pse36 clflush dts acpi mmx fxsr sse sse2 ss ht tm pbe syscall nx rdtscp lm constant_tsc arch_perfmon pebs bts rep_good nopl xtopology nonstop_tsc aperfmperf eagerfpu pni pclmulqdq dtes64 monitor ds_cpl vmx smx est tm2 ssse3 cx16 xtpr pdcm pcid sse4_1 sse4_2 x2apic popcnt tsc_deadline_timer aes xsave avx f16c rdrand lahf_lm ida arat epb xsaveopt pln pts dtherm tpr_shadow vnmi flexpriority ept vpid fsgsbase smep erms
bogomips	: 5190.52
clflush size	: 64
cache_alignment	: 64
address sizes	: 36 bits physical, 48 bits virtual
power management:

processor	: 2
vendor_id	: GenuineIntel
cpu family	: 6
model		: 58
model name	: Intel(R) Core(TM) i5-3320M CPU @ 2.60GHz
stepping	: 9
microcode	: 0x12
cpu MHz		: 2626.000
cache size	: 3072 KB
physical id	: 0
siblings	: 4
core id		: 1
cpu cores	: 2
apicid		: 2
initial apicid	: 2
fpu		: yes
fpu_exception	: yes
cpuid level	: 13
wp		: yes
flags		: fpu vme de pse tsc msr pae mce cx8 apic sep mtrr pge mca cmov pat pse36 clflush dts acpi mmx fxsr sse sse2 ss ht tm pbe syscall nx rdtscp lm constant_tsc arch_perfmon pebs bts rep_good nopl xtopology nonstop_tsc aperfmperf eagerfpu pni pclmulqdq dtes64 monitor ds_cpl vmx smx est tm2 ssse3 cx16 xtpr pdcm pcid sse4_1 sse4_2 x2apic popcnt tsc_deadline_timer aes xsave avx f16c rdrand lahf_lm ida arat epb xsaveopt pln pts dtherm tpr_shadow vnmi flexpriority ept vpid fsgsbase smep erms
bogomips	: 5190.52
clflush size	: 64
cache_alignment	: 64
address sizes	: 36 bits physical, 48 bits virtual
power management:

processor	: 3
vendor_id	: GenuineIntel
cpu family	: 6
model		: 58
model name	: Intel(R) Core(TM) i5-3320M CPU @ 2.60GHz
stepping	: 9
microcode	: 0x12
cpu MHz		: 2678.000
cache size	: 3072 KB
physical id	: 0
siblings	: 4
core id		: 1
cpu cores	: 2
apicid		: 3
initial apicid	: 3
fpu		: yes
fpu_exception	: yes
cpuid level	: 13
wp		: yes
flags		: fpu vme de pse tsc msr pae mce cx8 apic sep mtrr pge mca cmov pat pse36 clflush dts acpi mmx fxsr sse sse2 ss ht tm pbe syscall nx rdtscp lm constant_tsc arch_perfmon pebs bts rep_good nopl xtopology nonstop_tsc aperfmperf eagerfpu pni pclmulqdq dtes64 monitor ds_cpl vmx smx est tm2 ssse3 cx16 xtpr pdcm pcid sse4_1 sse4_2 x2apic popcnt tsc_deadline_timer aes xsave avx f16c rdrand lahf_lm ida arat epb xsaveopt pln pts dtherm tpr_shadow vnmi flexpriority ept vpid fsgsbase smep erms
bogomips	: 5190.52
clflush size	: 64
cache_alignment	: 64
address sizes	: 36 bits physical, 48 bits virtual
power management:



Memory: 4k page, physical 16280960k(4638276k free), swap 0k(0k free)

vm_info: OpenJDK 64-Bit Server VM (24.45-b08) for linux-amd64 JRE (1.7.0_45-b31), built on Oct 21 2013 19:10:26 by "nobody" with gcc 4.8.2

time: Tue Oct 29 16:07:16 2013
elapsed time: 649 seconds

